<?xml version="1.0" encoding="UTF-8"?>
<testng-results skipped="0" failed="0" total="3" passed="3">
  <reporter-output>
  </reporter-output>
  <suite name="Default suite" duration-ms="11244" started-at="2019-11-14T04:22:59Z" finished-at="2019-11-14T04:23:10Z">
    <groups>
    </groups>
    <test name="Default test" duration-ms="11244" started-at="2019-11-14T04:22:59Z" finished-at="2019-11-14T04:23:10Z">
      <class name="autotest.NewTest3">
        <test-method status="PASS" signature="beforeTest()[pri:0, instance:autotest.NewTest3@7e0babb1]" name="beforeTest" is-config="true" duration-ms="8969" started-at="2019-11-14T11:22:59Z" finished-at="2019-11-14T11:23:07Z">
          <reporter-output>
          </reporter-output>
        </test-method> <!-- beforeTest -->
        <test-method status="PASS" signature="TC_1()[pri:0, instance:autotest.NewTest3@7e0babb1]" name="TC_1" duration-ms="1646" started-at="2019-11-14T11:23:07Z" finished-at="2019-11-14T11:23:09Z">
          <reporter-output>
          </reporter-output>
        </test-method> <!-- TC_1 -->
        <test-method status="PASS" signature="TC_2()[pri:0, instance:autotest.NewTest3@7e0babb1]" name="TC_2" duration-ms="303" started-at="2019-11-14T11:23:09Z" finished-at="2019-11-14T11:23:09Z">
          <reporter-output>
          </reporter-output>
        </test-method> <!-- TC_2 -->
        <test-method status="PASS" signature="TC_3()[pri:0, instance:autotest.NewTest3@7e0babb1]" name="TC_3" duration-ms="315" started-at="2019-11-14T11:23:09Z" finished-at="2019-11-14T11:23:10Z">
          <reporter-output>
          </reporter-output>
        </test-method> <!-- TC_3 -->
        <test-method status="PASS" signature="afterTest()[pri:0, instance:autotest.NewTest3@7e0babb1]" name="afterTest" is-config="true" duration-ms="0" started-at="2019-11-14T11:23:10Z" finished-at="2019-11-14T11:23:10Z">
          <reporter-output>
          </reporter-output>
        </test-method> <!-- afterTest -->
      </class> <!-- autotest.NewTest3 -->
    </test> <!-- Default test -->
  </suite> <!-- Default suite -->
</testng-results>
